03:50:11 **** Build of configuration Default for project I2CScanner ****
make flash 
including /home/vc/esp/esp-idf/components/bootloader/Makefile.projbuild...
including /home/vc/esp/esp-idf/components/bootloader_support/Makefile.projbuild...
including /home/vc/esp/esp-idf/components/coap/Makefile.projbuild...
including /home/vc/esp/esp-idf/components/esp32/Makefile.projbuild...
including /home/vc/esp/esp-idf/components/esptool_py/Makefile.projbuild...
including /home/vc/esp/esp-idf/components/mbedtls/Makefile.projbuild...
including /home/vc/esp/esp-idf/components/nghttp/Makefile.projbuild...
including /home/vc/esp/esp-idf/components/partition_table/Makefile.projbuild...
including /home/vc/esp/esp-idf/components/ulp/Makefile.projbuild...
make -C /home/vc/esp/esp-idf/components/bootloader/src V=1 BUILD_DIR_BASE=/home/vc/eclipse-workspace/I2CScanner/build/bootloader TEST_COMPONENTS= TESTS_ALL= /home/vc/eclipse-workspace/I2CScanner/build/bootloader/bootloader.bin
make[1]: Entering directory '/home/vc/esp/esp-idf/components/bootloader/src'
including /home/vc/esp/esp-idf/components/esptool_py/Makefile.projbuild...
including /home/vc/esp/esp-idf/components/bootloader/Makefile.projbuild...
including /home/vc/esp/esp-idf/components/bootloader_support/Makefile.projbuild...
including /home/vc/esp/esp-idf/components/bootloader/src/main/Makefile.projbuild...
make -C /home/vc/eclipse-workspace/I2CScanner/build/bootloader/bootloader_support -f /home/vc/esp/esp-idf/make/component_wrapper.mk COMPONENT_MAKEFILE=/home/vc/esp/esp-idf/components/bootloader_support/component.mk COMPONENT_NAME=bootloader_support build
make[2]: Entering directory '/home/vc/eclipse-workspace/I2CScanner/build/bootloader/bootloader_support'
make[2]: Leaving directory '/home/vc/eclipse-workspace/I2CScanner/build/bootloader/bootloader_support'
Target 'bootloader_support-build' responsible for '/home/vc/eclipse-workspace/I2CScanner/build/bootloader/bootloader_support/libbootloader_support.a'
make -C /home/vc/eclipse-workspace/I2CScanner/build/bootloader/log -f /home/vc/esp/esp-idf/make/component_wrapper.mk COMPONENT_MAKEFILE=/home/vc/esp/esp-idf/components/log/component.mk COMPONENT_NAME=log build
make[2]: Entering directory '/home/vc/eclipse-workspace/I2CScanner/build/bootloader/log'
make[2]: Leaving directory '/home/vc/eclipse-workspace/I2CScanner/build/bootloader/log'
Target 'log-build' responsible for '/home/vc/eclipse-workspace/I2CScanner/build/bootloader/log/liblog.a'
make -C /home/vc/eclipse-workspace/I2CScanner/build/bootloader/spi_flash -f /home/vc/esp/esp-idf/make/component_wrapper.mk COMPONENT_MAKEFILE=/home/vc/esp/esp-idf/components/spi_flash/component.mk COMPONENT_NAME=spi_flash build
make[2]: Entering directory '/home/vc/eclipse-workspace/I2CScanner/build/bootloader/spi_flash'
make[2]: Leaving directory '/home/vc/eclipse-workspace/I2CScanner/build/bootloader/spi_flash'
Target 'spi_flash-build' responsible for '/home/vc/eclipse-workspace/I2CScanner/build/bootloader/spi_flash/libspi_flash.a'
make -C /home/vc/eclipse-workspace/I2CScanner/build/bootloader/micro-ecc -f /home/vc/esp/esp-idf/make/component_wrapper.mk COMPONENT_MAKEFILE=/home/vc/esp/esp-idf/components/micro-ecc/component.mk COMPONENT_NAME=micro-ecc build
make[2]: Entering directory '/home/vc/eclipse-workspace/I2CScanner/build/bootloader/micro-ecc'
make[2]: Leaving directory '/home/vc/eclipse-workspace/I2CScanner/build/bootloader/micro-ecc'
Target 'micro-ecc-build' responsible for '/home/vc/eclipse-workspace/I2CScanner/build/bootloader/micro-ecc/libmicro-ecc.a'
make -C /home/vc/eclipse-workspace/I2CScanner/build/bootloader/soc -f /home/vc/esp/esp-idf/make/component_wrapper.mk COMPONENT_MAKEFILE=/home/vc/esp/esp-idf/components/soc/component.mk COMPONENT_NAME=soc build
make[2]: Entering directory '/home/vc/eclipse-workspace/I2CScanner/build/bootloader/soc'
make[2]: Leaving directory '/home/vc/eclipse-workspace/I2CScanner/build/bootloader/soc'
Target 'soc-build' responsible for '/home/vc/eclipse-workspace/I2CScanner/build/bootloader/soc/libsoc.a'
make -C /home/vc/eclipse-workspace/I2CScanner/build/bootloader/main -f /home/vc/esp/esp-idf/make/component_wrapper.mk COMPONENT_MAKEFILE=/home/vc/esp/esp-idf/components/bootloader/src/main/component.mk COMPONENT_NAME=main build
make[2]: Entering directory '/home/vc/eclipse-workspace/I2CScanner/build/bootloader/main'
make[2]: Leaving directory '/home/vc/eclipse-workspace/I2CScanner/build/bootloader/main'
Target 'main-build' responsible for '/home/vc/eclipse-workspace/I2CScanner/build/bootloader/main/libmain.a'
make[1]: Leaving directory '/home/vc/esp/esp-idf/components/bootloader/src'
make -C /home/vc/eclipse-workspace/I2CScanner/build/app_trace -f /home/vc/esp/esp-idf/make/component_wrapper.mk COMPONENT_MAKEFILE=/home/vc/esp/esp-idf/components/app_trace/component.mk COMPONENT_NAME=app_trace build
make[1]: Entering directory '/home/vc/eclipse-workspace/I2CScanner/build/app_trace'
make[1]: Leaving directory '/home/vc/eclipse-workspace/I2CScanner/build/app_trace'
Target 'app_trace-build' responsible for '/home/vc/eclipse-workspace/I2CScanner/build/app_trace/libapp_trace.a'
make -C /home/vc/eclipse-workspace/I2CScanner/build/app_update -f /home/vc/esp/esp-idf/make/component_wrapper.mk COMPONENT_MAKEFILE=/home/vc/esp/esp-idf/components/app_update/component.mk COMPONENT_NAME=app_update build
make[1]: Entering directory '/home/vc/eclipse-workspace/I2CScanner/build/app_update'
make[1]: Leaving directory '/home/vc/eclipse-workspace/I2CScanner/build/app_update'
Target 'app_update-build' responsible for '/home/vc/eclipse-workspace/I2CScanner/build/app_update/libapp_update.a'
make -C /home/vc/eclipse-workspace/I2CScanner/build/bootloader_support -f /home/vc/esp/esp-idf/make/component_wrapper.mk COMPONENT_MAKEFILE=/home/vc/esp/esp-idf/components/bootloader_support/component.mk COMPONENT_NAME=bootloader_support build
make[1]: Entering directory '/home/vc/eclipse-workspace/I2CScanner/build/bootloader_support'
make[1]: Leaving directory '/home/vc/eclipse-workspace/I2CScanner/build/bootloader_support'
Target 'bootloader_support-build' responsible for '/home/vc/eclipse-workspace/I2CScanner/build/bootloader_support/libbootloader_support.a'
make -C /home/vc/eclipse-workspace/I2CScanner/build/bt -f /home/vc/esp/esp-idf/make/component_wrapper.mk COMPONENT_MAKEFILE=/home/vc/esp/esp-idf/components/bt/component.mk COMPONENT_NAME=bt build
make[1]: Entering directory '/home/vc/eclipse-workspace/I2CScanner/build/bt'
make[1]: Leaving directory '/home/vc/eclipse-workspace/I2CScanner/build/bt'
Target 'bt-build' responsible for '/home/vc/eclipse-workspace/I2CScanner/build/bt/libbt.a'
make -C /home/vc/eclipse-workspace/I2CScanner/build/coap -f /home/vc/esp/esp-idf/make/component_wrapper.mk COMPONENT_MAKEFILE=/home/vc/esp/esp-idf/components/coap/component.mk COMPONENT_NAME=coap build
make[1]: Entering directory '/home/vc/eclipse-workspace/I2CScanner/build/coap'
make[1]: Leaving directory '/home/vc/eclipse-workspace/I2CScanner/build/coap'
Target 'coap-build' responsible for '/home/vc/eclipse-workspace/I2CScanner/build/coap/libcoap.a'
make -C /home/vc/eclipse-workspace/I2CScanner/build/cxx -f /home/vc/esp/esp-idf/make/component_wrapper.mk COMPONENT_MAKEFILE=/home/vc/esp/esp-idf/components/cxx/component.mk COMPONENT_NAME=cxx build
make[1]: Entering directory '/home/vc/eclipse-workspace/I2CScanner/build/cxx'
make[1]: Leaving directory '/home/vc/eclipse-workspace/I2CScanner/build/cxx'
Target 'cxx-build' responsible for '/home/vc/eclipse-workspace/I2CScanner/build/cxx/libcxx.a'
make -C /home/vc/eclipse-workspace/I2CScanner/build/driver -f /home/vc/esp/esp-idf/make/component_wrapper.mk COMPONENT_MAKEFILE=/home/vc/esp/esp-idf/components/driver/component.mk COMPONENT_NAME=driver build
make[1]: Entering directory '/home/vc/eclipse-workspace/I2CScanner/build/driver'
make[1]: Leaving directory '/home/vc/eclipse-workspace/I2CScanner/build/driver'
Target 'driver-build' responsible for '/home/vc/eclipse-workspace/I2CScanner/build/driver/libdriver.a'
make -C /home/vc/eclipse-workspace/I2CScanner/build/esp32 -f /home/vc/esp/esp-idf/make/component_wrapper.mk COMPONENT_MAKEFILE=/home/vc/esp/esp-idf/components/esp32/component.mk COMPONENT_NAME=esp32 build
make[1]: Entering directory '/home/vc/eclipse-workspace/I2CScanner/build/esp32'
make[1]: Leaving directory '/home/vc/eclipse-workspace/I2CScanner/build/esp32'
Target 'esp32-build' responsible for '/home/vc/eclipse-workspace/I2CScanner/build/esp32/libesp32.a'
make -C /home/vc/eclipse-workspace/I2CScanner/build/ethernet -f /home/vc/esp/esp-idf/make/component_wrapper.mk COMPONENT_MAKEFILE=/home/vc/esp/esp-idf/components/ethernet/component.mk COMPONENT_NAME=ethernet build
make[1]: Entering directory '/home/vc/eclipse-workspace/I2CScanner/build/ethernet'
make[1]: Leaving directory '/home/vc/eclipse-workspace/I2CScanner/build/ethernet'
Target 'ethernet-build' responsible for '/home/vc/eclipse-workspace/I2CScanner/build/ethernet/libethernet.a'
make -C /home/vc/eclipse-workspace/I2CScanner/build/expat -f /home/vc/esp/esp-idf/make/component_wrapper.mk COMPONENT_MAKEFILE=/home/vc/esp/esp-idf/components/expat/component.mk COMPONENT_NAME=expat build
make[1]: Entering directory '/home/vc/eclipse-workspace/I2CScanner/build/expat'
make[1]: Leaving directory '/home/vc/eclipse-workspace/I2CScanner/build/expat'
Target 'expat-build' responsible for '/home/vc/eclipse-workspace/I2CScanner/build/expat/libexpat.a'
make -C /home/vc/eclipse-workspace/I2CScanner/build/fatfs -f /home/vc/esp/esp-idf/make/component_wrapper.mk COMPONENT_MAKEFILE=/home/vc/esp/esp-idf/components/fatfs/component.mk COMPONENT_NAME=fatfs build
make[1]: Entering directory '/home/vc/eclipse-workspace/I2CScanner/build/fatfs'
make[1]: Leaving directory '/home/vc/eclipse-workspace/I2CScanner/build/fatfs'
Target 'fatfs-build' responsible for '/home/vc/eclipse-workspace/I2CScanner/build/fatfs/libfatfs.a'
make -C /home/vc/eclipse-workspace/I2CScanner/build/freertos -f /home/vc/esp/esp-idf/make/component_wrapper.mk COMPONENT_MAKEFILE=/home/vc/esp/esp-idf/components/freertos/component.mk COMPONENT_NAME=freertos build
make[1]: Entering directory '/home/vc/eclipse-workspace/I2CScanner/build/freertos'
make[1]: Leaving directory '/home/vc/eclipse-workspace/I2CScanner/build/freertos'
Target 'freertos-build' responsible for '/home/vc/eclipse-workspace/I2CScanner/build/freertos/libfreertos.a'
make -C /home/vc/eclipse-workspace/I2CScanner/build/heap -f /home/vc/esp/esp-idf/make/component_wrapper.mk COMPONENT_MAKEFILE=/home/vc/esp/esp-idf/components/heap/component.mk COMPONENT_NAME=heap build
make[1]: Entering directory '/home/vc/eclipse-workspace/I2CScanner/build/heap'
make[1]: Leaving directory '/home/vc/eclipse-workspace/I2CScanner/build/heap'
Target 'heap-build' responsible for '/home/vc/eclipse-workspace/I2CScanner/build/heap/libheap.a'
make -C /home/vc/eclipse-workspace/I2CScanner/build/jsmn -f /home/vc/esp/esp-idf/make/component_wrapper.mk COMPONENT_MAKEFILE=/home/vc/esp/esp-idf/components/jsmn/component.mk COMPONENT_NAME=jsmn build
make[1]: Entering directory '/home/vc/eclipse-workspace/I2CScanner/build/jsmn'
make[1]: Leaving directory '/home/vc/eclipse-workspace/I2CScanner/build/jsmn'
Target 'jsmn-build' responsible for '/home/vc/eclipse-workspace/I2CScanner/build/jsmn/libjsmn.a'
make -C /home/vc/eclipse-workspace/I2CScanner/build/json -f /home/vc/esp/esp-idf/make/component_wrapper.mk COMPONENT_MAKEFILE=/home/vc/esp/esp-idf/components/json/component.mk COMPONENT_NAME=json build
make[1]: Entering directory '/home/vc/eclipse-workspace/I2CScanner/build/json'
make[1]: Leaving directory '/home/vc/eclipse-workspace/I2CScanner/build/json'
Target 'json-build' responsible for '/home/vc/eclipse-workspace/I2CScanner/build/json/libjson.a'
make -C /home/vc/eclipse-workspace/I2CScanner/build/libsodium -f /home/vc/esp/esp-idf/make/component_wrapper.mk COMPONENT_MAKEFILE=/home/vc/esp/esp-idf/components/libsodium/component.mk COMPONENT_NAME=libsodium build
make[1]: Entering directory '/home/vc/eclipse-workspace/I2CScanner/build/libsodium'
make[1]: Leaving directory '/home/vc/eclipse-workspace/I2CScanner/build/libsodium'
Target 'libsodium-build' responsible for '/home/vc/eclipse-workspace/I2CScanner/build/libsodium/liblibsodium.a'
make -C /home/vc/eclipse-workspace/I2CScanner/build/log -f /home/vc/esp/esp-idf/make/component_wrapper.mk COMPONENT_MAKEFILE=/home/vc/esp/esp-idf/components/log/component.mk COMPONENT_NAME=log build
make[1]: Entering directory '/home/vc/eclipse-workspace/I2CScanner/build/log'
make[1]: Leaving directory '/home/vc/eclipse-workspace/I2CScanner/build/log'
Target 'log-build' responsible for '/home/vc/eclipse-workspace/I2CScanner/build/log/liblog.a'
make -C /home/vc/eclipse-workspace/I2CScanner/build/lwip -f /home/vc/esp/esp-idf/make/component_wrapper.mk COMPONENT_MAKEFILE=/home/vc/esp/esp-idf/components/lwip/component.mk COMPONENT_NAME=lwip build
make[1]: Entering directory '/home/vc/eclipse-workspace/I2CScanner/build/lwip'
make[1]: Leaving directory '/home/vc/eclipse-workspace/I2CScanner/build/lwip'
Target 'lwip-build' responsible for '/home/vc/eclipse-workspace/I2CScanner/build/lwip/liblwip.a'
make -C /home/vc/eclipse-workspace/I2CScanner/build/mbedtls -f /home/vc/esp/esp-idf/make/component_wrapper.mk COMPONENT_MAKEFILE=/home/vc/esp/esp-idf/components/mbedtls/component.mk COMPONENT_NAME=mbedtls build
make[1]: Entering directory '/home/vc/eclipse-workspace/I2CScanner/build/mbedtls'
make[1]: Leaving directory '/home/vc/eclipse-workspace/I2CScanner/build/mbedtls'
Target 'mbedtls-build' responsible for '/home/vc/eclipse-workspace/I2CScanner/build/mbedtls/libmbedtls.a'
make -C /home/vc/eclipse-workspace/I2CScanner/build/mdns -f /home/vc/esp/esp-idf/make/component_wrapper.mk COMPONENT_MAKEFILE=/home/vc/esp/esp-idf/components/mdns/component.mk COMPONENT_NAME=mdns build
make[1]: Entering directory '/home/vc/eclipse-workspace/I2CScanner/build/mdns'
make[1]: Leaving directory '/home/vc/eclipse-workspace/I2CScanner/build/mdns'
Target 'mdns-build' responsible for '/home/vc/eclipse-workspace/I2CScanner/build/mdns/libmdns.a'
make -C /home/vc/eclipse-workspace/I2CScanner/build/micro-ecc -f /home/vc/esp/esp-idf/make/component_wrapper.mk COMPONENT_MAKEFILE=/home/vc/esp/esp-idf/components/micro-ecc/component.mk COMPONENT_NAME=micro-ecc build
make[1]: Entering directory '/home/vc/eclipse-workspace/I2CScanner/build/micro-ecc'
make[1]: Leaving directory '/home/vc/eclipse-workspace/I2CScanner/build/micro-ecc'
Target 'micro-ecc-build' responsible for '/home/vc/eclipse-workspace/I2CScanner/build/micro-ecc/libmicro-ecc.a'
make -C /home/vc/eclipse-workspace/I2CScanner/build/newlib -f /home/vc/esp/esp-idf/make/component_wrapper.mk COMPONENT_MAKEFILE=/home/vc/esp/esp-idf/components/newlib/component.mk COMPONENT_NAME=newlib build
make[1]: Entering directory '/home/vc/eclipse-workspace/I2CScanner/build/newlib'
make[1]: Leaving directory '/home/vc/eclipse-workspace/I2CScanner/build/newlib'
Target 'newlib-build' responsible for '/home/vc/eclipse-workspace/I2CScanner/build/newlib/libnewlib.a'
make -C /home/vc/eclipse-workspace/I2CScanner/build/nghttp -f /home/vc/esp/esp-idf/make/component_wrapper.mk COMPONENT_MAKEFILE=/home/vc/esp/esp-idf/components/nghttp/component.mk COMPONENT_NAME=nghttp build
make[1]: Entering directory '/home/vc/eclipse-workspace/I2CScanner/build/nghttp'
make[1]: Leaving directory '/home/vc/eclipse-workspace/I2CScanner/build/nghttp'
Target 'nghttp-build' responsible for '/home/vc/eclipse-workspace/I2CScanner/build/nghttp/libnghttp.a'
make -C /home/vc/eclipse-workspace/I2CScanner/build/nvs_flash -f /home/vc/esp/esp-idf/make/component_wrapper.mk COMPONENT_MAKEFILE=/home/vc/esp/esp-idf/components/nvs_flash/component.mk COMPONENT_NAME=nvs_flash build
make[1]: Entering directory '/home/vc/eclipse-workspace/I2CScanner/build/nvs_flash'
make[1]: Leaving directory '/home/vc/eclipse-workspace/I2CScanner/build/nvs_flash'
Target 'nvs_flash-build' responsible for '/home/vc/eclipse-workspace/I2CScanner/build/nvs_flash/libnvs_flash.a'
make -C /home/vc/eclipse-workspace/I2CScanner/build/openssl -f /home/vc/esp/esp-idf/make/component_wrapper.mk COMPONENT_MAKEFILE=/home/vc/esp/esp-idf/components/openssl/component.mk COMPONENT_NAME=openssl build
make[1]: Entering directory '/home/vc/eclipse-workspace/I2CScanner/build/openssl'
make[1]: Leaving directory '/home/vc/eclipse-workspace/I2CScanner/build/openssl'
Target 'openssl-build' responsible for '/home/vc/eclipse-workspace/I2CScanner/build/openssl/libopenssl.a'
make -C /home/vc/eclipse-workspace/I2CScanner/build/sdmmc -f /home/vc/esp/esp-idf/make/component_wrapper.mk COMPONENT_MAKEFILE=/home/vc/esp/esp-idf/components/sdmmc/component.mk COMPONENT_NAME=sdmmc build
make[1]: Entering directory '/home/vc/eclipse-workspace/I2CScanner/build/sdmmc'
make[1]: Leaving directory '/home/vc/eclipse-workspace/I2CScanner/build/sdmmc'
Target 'sdmmc-build' responsible for '/home/vc/eclipse-workspace/I2CScanner/build/sdmmc/libsdmmc.a'
make -C /home/vc/eclipse-workspace/I2CScanner/build/soc -f /home/vc/esp/esp-idf/make/component_wrapper.mk COMPONENT_MAKEFILE=/home/vc/esp/esp-idf/components/soc/component.mk COMPONENT_NAME=soc build
make[1]: Entering directory '/home/vc/eclipse-workspace/I2CScanner/build/soc'
make[1]: Leaving directory '/home/vc/eclipse-workspace/I2CScanner/build/soc'
Target 'soc-build' responsible for '/home/vc/eclipse-workspace/I2CScanner/build/soc/libsoc.a'
make -C /home/vc/eclipse-workspace/I2CScanner/build/spi_flash -f /home/vc/esp/esp-idf/make/component_wrapper.mk COMPONENT_MAKEFILE=/home/vc/esp/esp-idf/components/spi_flash/component.mk COMPONENT_NAME=spi_flash build
make[1]: Entering directory '/home/vc/eclipse-workspace/I2CScanner/build/spi_flash'
make[1]: Leaving directory '/home/vc/eclipse-workspace/I2CScanner/build/spi_flash'
Target 'spi_flash-build' responsible for '/home/vc/eclipse-workspace/I2CScanner/build/spi_flash/libspi_flash.a'
make -C /home/vc/eclipse-workspace/I2CScanner/build/tcpip_adapter -f /home/vc/esp/esp-idf/make/component_wrapper.mk COMPONENT_MAKEFILE=/home/vc/esp/esp-idf/components/tcpip_adapter/component.mk COMPONENT_NAME=tcpip_adapter build
make[1]: Entering directory '/home/vc/eclipse-workspace/I2CScanner/build/tcpip_adapter'
make[1]: Leaving directory '/home/vc/eclipse-workspace/I2CScanner/build/tcpip_adapter'
Target 'tcpip_adapter-build' responsible for '/home/vc/eclipse-workspace/I2CScanner/build/tcpip_adapter/libtcpip_adapter.a'
make -C /home/vc/eclipse-workspace/I2CScanner/build/ulp -f /home/vc/esp/esp-idf/make/component_wrapper.mk COMPONENT_MAKEFILE=/home/vc/esp/esp-idf/components/ulp/component.mk COMPONENT_NAME=ulp build
make[1]: Entering directory '/home/vc/eclipse-workspace/I2CScanner/build/ulp'
make[1]: Leaving directory '/home/vc/eclipse-workspace/I2CScanner/build/ulp'
Target 'ulp-build' responsible for '/home/vc/eclipse-workspace/I2CScanner/build/ulp/libulp.a'
make -C /home/vc/eclipse-workspace/I2CScanner/build/vfs -f /home/vc/esp/esp-idf/make/component_wrapper.mk COMPONENT_MAKEFILE=/home/vc/esp/esp-idf/components/vfs/component.mk COMPONENT_NAME=vfs build
make[1]: Entering directory '/home/vc/eclipse-workspace/I2CScanner/build/vfs'
make[1]: Leaving directory '/home/vc/eclipse-workspace/I2CScanner/build/vfs'
Target 'vfs-build' responsible for '/home/vc/eclipse-workspace/I2CScanner/build/vfs/libvfs.a'
make -C /home/vc/eclipse-workspace/I2CScanner/build/wear_levelling -f /home/vc/esp/esp-idf/make/component_wrapper.mk COMPONENT_MAKEFILE=/home/vc/esp/esp-idf/components/wear_levelling/component.mk COMPONENT_NAME=wear_levelling build
make[1]: Entering directory '/home/vc/eclipse-workspace/I2CScanner/build/wear_levelling'
make[1]: Leaving directory '/home/vc/eclipse-workspace/I2CScanner/build/wear_levelling'
Target 'wear_levelling-build' responsible for '/home/vc/eclipse-workspace/I2CScanner/build/wear_levelling/libwear_levelling.a'
make -C /home/vc/eclipse-workspace/I2CScanner/build/wpa_supplicant -f /home/vc/esp/esp-idf/make/component_wrapper.mk COMPONENT_MAKEFILE=/home/vc/esp/esp-idf/components/wpa_supplicant/component.mk COMPONENT_NAME=wpa_supplicant build
make[1]: Entering directory '/home/vc/eclipse-workspace/I2CScanner/build/wpa_supplicant'
make[1]: Leaving directory '/home/vc/eclipse-workspace/I2CScanner/build/wpa_supplicant'
Target 'wpa_supplicant-build' responsible for '/home/vc/eclipse-workspace/I2CScanner/build/wpa_supplicant/libwpa_supplicant.a'
make -C /home/vc/eclipse-workspace/I2CScanner/build/xtensa-debug-module -f /home/vc/esp/esp-idf/make/component_wrapper.mk COMPONENT_MAKEFILE=/home/vc/esp/esp-idf/components/xtensa-debug-module/component.mk COMPONENT_NAME=xtensa-debug-module build
make[1]: Entering directory '/home/vc/eclipse-workspace/I2CScanner/build/xtensa-debug-module'
make[1]: Leaving directory '/home/vc/eclipse-workspace/I2CScanner/build/xtensa-debug-module'
Target 'xtensa-debug-module-build' responsible for '/home/vc/eclipse-workspace/I2CScanner/build/xtensa-debug-module/libxtensa-debug-module.a'
make -C /home/vc/eclipse-workspace/I2CScanner/build/main -f /home/vc/esp/esp-idf/make/component_wrapper.mk COMPONENT_MAKEFILE=/home/vc/eclipse-workspace/I2CScanner/main/component.mk COMPONENT_NAME=main build
make[1]: Entering directory '/home/vc/eclipse-workspace/I2CScanner/build/main'
make[1]: Leaving directory '/home/vc/eclipse-workspace/I2CScanner/build/main'
Target 'main-build' responsible for '/home/vc/eclipse-workspace/I2CScanner/build/main/libmain.a'
Flashing binaries to serial port /dev/ttyUSB0 (app at offset 0x10000)...
python /home/vc/esp/esp-idf/components/esptool_py/esptool/esptool.py --chip esp32 --port "/dev/ttyUSB0" --baud 115200 --before "default_reset" --after "hard_reset" write_flash -z --flash_mode "dio" --flash_freq "40m" --flash_size detect 0x1000 /home/vc/eclipse-workspace/I2CScanner/build/bootloader/bootloader.bin 0x10000 /home/vc/eclipse-workspace/I2CScanner/build/hello-world.bin 0x8000 /home/vc/eclipse-workspace/I2CScanner/build/partitions_singleapp.bin
esptool.py v2.0.1
Connecting........_
Chip is ESP32D0WDQ6 (revision 1)
Uploading stub...
Running stub...
Stub running...
Configuring flash size...
Auto-detected Flash size: 4MB
Flash params set to 0x0220
Compressed 15792 bytes to 9198...

Writing at 0x00001000... (100 %)
Wrote 15792 bytes (9198 compressed) at 0x00001000 in 0.8 seconds (effective 153.8 kbit/s)...
Hash of data verified.
Compressed 358144 bytes to 169350...

Writing at 0x00010000... (9 %)
Writing at 0x00014000... (18 %)
Writing at 0x00018000... (27 %)
Writing at 0x0001c000... (36 %)
Writing at 0x00020000... (45 %)
Writing at 0x00024000... (54 %)
Writing at 0x00028000... (63 %)
Writing at 0x0002c000... (72 %)
Writing at 0x00030000... (81 %)
Writing at 0x00034000... (90 %)
Writing at 0x00038000... (100 %)
Wrote 358144 bytes (169350 compressed) at 0x00010000 in 15.1 seconds (effective 190.3 kbit/s)...
Hash of data verified.
Compressed 3072 bytes to 82...

Writing at 0x00008000... (100 %)
Wrote 3072 bytes (82 compressed) at 0x00008000 in 0.0 seconds (effective 1254.6 kbit/s)...
Hash of data verified.

Leaving...
Hard resetting...

03:50:33 Build Finished (took 22s.125ms)

